<?xml version="1.0" encoding="UTF-8"?>
<!-- Generated by org.testng.reporters.JUnitXMLReporter -->
<testsuite hostname="DESKTOP-OQCEQJM" ignored="1" name="Hub spot Smoke tests chrome tests" tests="2" failures="0" timestamp="2020-05-02T03:47:25 EDT" time="35.279" errors="0">
  <testcase name="testLoginInCRM" time="8.062" classname="com.crm.testcases.LoginTest"/>
  <testcase name="testHomePageUrl" time="4.387" classname="com.crm.testcases.HomeTest"/>
  <testcase name="testHomePageHeaderDropdownLinks" time="0.0" classname="com.crm.testcases.HomeTest">
    <ignored/>
  </testcase> <!-- testHomePageHeaderDropdownLinks -->
</testsuite> <!-- Hub spot Smoke tests chrome tests -->
