<?xml version="1.0" encoding="UTF-8"?>
<!-- Generated by org.testng.reporters.JUnitXMLReporter -->
<testsuite hostname="DESKTOP-OQCEQJM" ignored="1" name="Hub spot Smoke tests on chrome browser" tests="4" failures="0" timestamp="2020-05-02T04:03:12 EDT" time="35.814" errors="0">
  <testcase name="testLoginInCRM" time="6.922" classname="com.crm.testcases.LoginTest"/>
  <testcase name="testLoginInCRM" time="7.816" classname="com.crm.testcases.LoginTest"/>
  <testcase name="testHomePageUrl" time="2.58" classname="com.crm.testcases.HomeTest"/>
  <testcase name="testHomePageUrl" time="5.837" classname="com.crm.testcases.HomeTest"/>
  <testcase name="testHomePageHeaderDropdownLinks" time="0.0" classname="com.crm.testcases.HomeTest">
    <ignored/>
  </testcase> <!-- testHomePageHeaderDropdownLinks -->
</testsuite> <!-- Hub spot Smoke tests on chrome browser -->
