<?xml version="1.0" encoding="UTF-8"?>
<!-- Generated by org.testng.reporters.JUnitXMLReporter -->
<testsuite hostname="DESKTOP-OQCEQJM" ignored="1" name="Hub spot Smoke tests" tests="2" failures="0" timestamp="2020-04-21T13:26:28 EDT" time="38.6" errors="0">
  <testcase name="testLoginInCRM" time="9.67" classname="com.crm.testcases.LoginTest"/>
  <testcase name="testHomePageUrl" time="6.13" classname="com.crm.testcases.HomeTest"/>
  <testcase name="testHomePageHeaderDropdownLinks" time="0.0" classname="com.crm.testcases.HomeTest">
    <ignored/>
  </testcase> <!-- testHomePageHeaderDropdownLinks -->
</testsuite> <!-- Hub spot Smoke tests -->
