<?xml version="1.0" encoding="UTF-8"?>
<!-- Generated by org.testng.reporters.JUnitXMLReporter -->
<testsuite hostname="DESKTOP-OQCEQJM" ignored="0" name="Hub spot regression tests" tests="11" failures="0" timestamp="2020-04-21T13:54:58 EDT" time="376.417" errors="0">
  <testcase name="testSignOut" time="2.858" classname="com.crm.testcases.CompaniesTest"/>
  <testcase name="testLoginInCRM" time="19.31" classname="com.crm.testcases.LoginTest"/>
  <testcase name="testContactsTitle" time="8.039" classname="com.crm.testcases.ContactsTest"/>
  <testcase name="testcreateContacts" time="8.782" classname="com.crm.testcases.ContactsTest"/>
  <testcase name="testcreateContacts" time="9.787" classname="com.crm.testcases.ContactsTest"/>
  <testcase name="testcreateContacts" time="7.323" classname="com.crm.testcases.ContactsTest"/>
  <testcase name="testcreateContacts" time="7.065" classname="com.crm.testcases.ContactsTest"/>
  <testcase name="testcreateContacts" time="8.207" classname="com.crm.testcases.ContactsTest"/>
  <testcase name="testIfContactsCreated" time="17.519" classname="com.crm.testcases.ContactsTest"/>
  <testcase name="testHomePageHeaderDropdownLinks" time="4.903" classname="com.crm.testcases.HomeTest"/>
  <testcase name="testHomePageUrl" time="4.81" classname="com.crm.testcases.HomeTest"/>
</testsuite> <!-- Hub spot regression tests -->
