<?xml version="1.0" encoding="UTF-8"?>
<!-- Generated by org.testng.reporters.JUnitXMLReporter -->
<testsuite hostname="DESKTOP-OQCEQJM" ignored="0" name="Default test" tests="7" failures="0" timestamp="2020-04-21T13:18:26 EDT" time="227.727" errors="0">
  <testcase name="testContactsTitle" time="2.698" classname="com.crm.testcases.ContactsTest"/>
  <testcase name="testcreateContacts" time="7.442" classname="com.crm.testcases.ContactsTest"/>
  <testcase name="testcreateContacts" time="7.635" classname="com.crm.testcases.ContactsTest"/>
  <testcase name="testcreateContacts" time="8.084" classname="com.crm.testcases.ContactsTest"/>
  <testcase name="testcreateContacts" time="7.365" classname="com.crm.testcases.ContactsTest"/>
  <testcase name="testcreateContacts" time="7.246" classname="com.crm.testcases.ContactsTest"/>
  <testcase name="testIfContactsCreated" time="19.123" classname="com.crm.testcases.ContactsTest"/>
</testsuite> <!-- Default test -->
