<?xml version="1.0" encoding="UTF-8"?>
<testng-results skipped="0" failed="0" ignored="0" total="11" passed="11">
  <reporter-output>
  </reporter-output>
  <suite name="Regression Tests" duration-ms="382520" started-at="2020-05-02T06:45:35 EDT" finished-at="2020-05-02T06:51:58 EDT">
    <groups>
      <group name="Smoke">
        <method signature="HomeTest.testHomePageUrl()[pri:2, instance:com.crm.testcases.HomeTest@484970b0]" name="testHomePageUrl" class="com.crm.testcases.HomeTest"/>
        <method signature="LoginTest.testLoginInCRM()[pri:1, instance:com.crm.testcases.LoginTest@3571b748]" name="testLoginInCRM" class="com.crm.testcases.LoginTest"/>
        <method signature="HomeTest.testHomePageUrl()[pri:2, instance:com.crm.testcases.HomeTest@1fb700ee]" name="testHomePageUrl" class="com.crm.testcases.HomeTest"/>
        <method signature="LoginTest.testLoginInCRM()[pri:1, instance:com.crm.testcases.LoginTest@53aad5d5]" name="testLoginInCRM" class="com.crm.testcases.LoginTest"/>
      </group> <!-- Smoke -->
    </groups>
    <test name="Hub spot regression tests on chrome browser" duration-ms="382520" started-at="2020-05-02T06:45:35 EDT" finished-at="2020-05-02T06:51:58 EDT">
      <class name="com.crm.testcases.LoginTest">
        <test-method status="PASS" signature="setUp(java.lang.String)[pri:0, instance:com.crm.testcases.LoginTest@3571b748]" name="setUp" is-config="true" duration-ms="7320" started-at="2020-05-02T06:47:12 EDT" finished-at="2020-05-02T06:47:19 EDT">
          <params>
            <param index="0">
              <value>
                <![CDATA[chrome]]>
              </value>
            </param>
          </params>
          <reporter-output>
          </reporter-output>
        </test-method> <!-- setUp -->
        <test-method status="PASS" signature="testLoginInCRM()[pri:1, instance:com.crm.testcases.LoginTest@3571b748]" name="testLoginInCRM" duration-ms="8055" started-at="2020-05-02T06:47:19 EDT" finished-at="2020-05-02T06:47:27 EDT">
          <reporter-output>
          </reporter-output>
        </test-method> <!-- testLoginInCRM -->
        <test-method status="PASS" signature="tearDown()[pri:0, instance:com.crm.testcases.LoginTest@3571b748]" name="tearDown" is-config="true" duration-ms="854" started-at="2020-05-02T06:47:27 EDT" finished-at="2020-05-02T06:47:28 EDT">
          <reporter-output>
          </reporter-output>
        </test-method> <!-- tearDown -->
      </class> <!-- com.crm.testcases.LoginTest -->
      <class name="com.crm.testcases.HomeTest">
        <test-method status="PASS" signature="setUp(java.lang.String)[pri:0, instance:com.crm.testcases.HomeTest@484970b0]" name="setUp" is-config="true" duration-ms="15383" started-at="2020-05-02T06:46:47 EDT" finished-at="2020-05-02T06:47:02 EDT">
          <params>
            <param index="0">
              <value>
                <![CDATA[chrome]]>
              </value>
            </param>
          </params>
          <reporter-output>
          </reporter-output>
        </test-method> <!-- setUp -->
        <test-method status="PASS" signature="testHomePageHeaderDropdownLinks()[pri:1, instance:com.crm.testcases.HomeTest@484970b0]" name="testHomePageHeaderDropdownLinks" duration-ms="8670" started-at="2020-05-02T06:47:02 EDT" finished-at="2020-05-02T06:47:11 EDT">
          <reporter-output>
          </reporter-output>
        </test-method> <!-- testHomePageHeaderDropdownLinks -->
        <test-method status="PASS" signature="tearDown()[pri:0, instance:com.crm.testcases.HomeTest@484970b0]" name="tearDown" is-config="true" duration-ms="890" started-at="2020-05-02T06:47:11 EDT" finished-at="2020-05-02T06:47:12 EDT">
          <reporter-output>
          </reporter-output>
        </test-method> <!-- tearDown -->
        <test-method status="PASS" signature="setUp(java.lang.String)[pri:0, instance:com.crm.testcases.HomeTest@484970b0]" name="setUp" is-config="true" duration-ms="17519" started-at="2020-05-02T06:47:28 EDT" finished-at="2020-05-02T06:47:45 EDT">
          <params>
            <param index="0">
              <value>
                <![CDATA[chrome]]>
              </value>
            </param>
          </params>
          <reporter-output>
          </reporter-output>
        </test-method> <!-- setUp -->
        <test-method status="PASS" signature="testHomePageUrl()[pri:2, instance:com.crm.testcases.HomeTest@484970b0]" name="testHomePageUrl" duration-ms="7380" started-at="2020-05-02T06:47:45 EDT" finished-at="2020-05-02T06:47:53 EDT">
          <reporter-output>
          </reporter-output>
        </test-method> <!-- testHomePageUrl -->
        <test-method status="PASS" signature="tearDown()[pri:0, instance:com.crm.testcases.HomeTest@484970b0]" name="tearDown" is-config="true" duration-ms="1001" started-at="2020-05-02T06:47:53 EDT" finished-at="2020-05-02T06:47:54 EDT">
          <reporter-output>
          </reporter-output>
        </test-method> <!-- tearDown -->
      </class> <!-- com.crm.testcases.HomeTest -->
      <class name="com.crm.testcases.CompaniesTest">
        <test-method status="PASS" signature="setUp(java.lang.String)[pri:0, instance:com.crm.testcases.CompaniesTest@4470f8a6]" name="setUp" is-config="true" duration-ms="32046" started-at="2020-05-02T06:45:35 EDT" finished-at="2020-05-02T06:46:07 EDT">
          <params>
            <param index="0">
              <value>
                <![CDATA[chrome]]>
              </value>
            </param>
          </params>
          <reporter-output>
          </reporter-output>
        </test-method> <!-- setUp -->
        <test-method status="PASS" signature="testSignOut()[pri:0, instance:com.crm.testcases.CompaniesTest@4470f8a6]" name="testSignOut" duration-ms="8127" started-at="2020-05-02T06:46:07 EDT" finished-at="2020-05-02T06:46:15 EDT">
          <reporter-output>
          </reporter-output>
        </test-method> <!-- testSignOut -->
        <test-method status="PASS" signature="tearDown()[pri:0, instance:com.crm.testcases.CompaniesTest@4470f8a6]" name="tearDown" is-config="true" duration-ms="829" started-at="2020-05-02T06:46:15 EDT" finished-at="2020-05-02T06:46:16 EDT">
          <reporter-output>
          </reporter-output>
        </test-method> <!-- tearDown -->
      </class> <!-- com.crm.testcases.CompaniesTest -->
      <class name="com.crm.testcases.ContactsTest">
        <test-method status="PASS" signature="setUp(java.lang.String)[pri:0, instance:com.crm.testcases.ContactsTest@3e96bacf]" name="setUp" is-config="true" duration-ms="27564" started-at="2020-05-02T06:46:16 EDT" finished-at="2020-05-02T06:46:44 EDT">
          <params>
            <param index="0">
              <value>
                <![CDATA[chrome]]>
              </value>
            </param>
          </params>
          <reporter-output>
          </reporter-output>
        </test-method> <!-- setUp -->
        <test-method status="PASS" signature="testContactsTitle()[pri:1, instance:com.crm.testcases.ContactsTest@3e96bacf]" name="testContactsTitle" duration-ms="1947" started-at="2020-05-02T06:46:44 EDT" finished-at="2020-05-02T06:46:46 EDT">
          <reporter-output>
          </reporter-output>
        </test-method> <!-- testContactsTitle -->
        <test-method status="PASS" signature="tearUp()[pri:0, instance:com.crm.testcases.ContactsTest@3e96bacf]" name="tearUp" is-config="true" duration-ms="910" started-at="2020-05-02T06:46:46 EDT" finished-at="2020-05-02T06:46:47 EDT">
          <reporter-output>
          </reporter-output>
        </test-method> <!-- tearUp -->
        <test-method status="PASS" signature="setUp(java.lang.String)[pri:0, instance:com.crm.testcases.ContactsTest@3e96bacf]" name="setUp" is-config="true" duration-ms="25121" started-at="2020-05-02T06:47:54 EDT" finished-at="2020-05-02T06:48:19 EDT">
          <params>
            <param index="0">
              <value>
                <![CDATA[chrome]]>
              </value>
            </param>
          </params>
          <reporter-output>
          </reporter-output>
        </test-method> <!-- setUp -->
        <test-method status="PASS" signature="testcreateContacts(java.lang.String, java.lang.String, java.lang.String, java.lang.String, java.lang.String, java.lang.String)[pri:2, instance:com.crm.testcases.ContactsTest@3e96bacf]" name="testcreateContacts" duration-ms="13574" started-at="2020-05-02T06:48:19 EDT" data-provider="getContactsDetails" finished-at="2020-05-02T06:48:33 EDT">
          <params>
            <param index="0">
              <value>
                <![CDATA[abhi@web.com]]>
              </value>
            </param>
            <param index="1">
              <value>
                <![CDATA[Abhi]]>
              </value>
            </param>
            <param index="2">
              <value>
                <![CDATA[Patel]]>
              </value>
            </param>
            <param index="3">
              <value>
                <![CDATA[Engineer]]>
              </value>
            </param>
            <param index="4">
              <value>
                <![CDATA[3214785124]]>
              </value>
            </param>
            <param index="5">
              <value>
                <![CDATA[New]]>
              </value>
            </param>
          </params>
          <reporter-output>
          </reporter-output>
        </test-method> <!-- testcreateContacts -->
        <test-method status="PASS" signature="tearUp()[pri:0, instance:com.crm.testcases.ContactsTest@3e96bacf]" name="tearUp" is-config="true" duration-ms="1246" started-at="2020-05-02T06:48:33 EDT" finished-at="2020-05-02T06:48:34 EDT">
          <reporter-output>
          </reporter-output>
        </test-method> <!-- tearUp -->
        <test-method status="PASS" signature="setUp(java.lang.String)[pri:0, instance:com.crm.testcases.ContactsTest@3e96bacf]" name="setUp" is-config="true" duration-ms="24329" started-at="2020-05-02T06:48:34 EDT" finished-at="2020-05-02T06:48:58 EDT">
          <params>
            <param index="0">
              <value>
                <![CDATA[chrome]]>
              </value>
            </param>
          </params>
          <reporter-output>
          </reporter-output>
        </test-method> <!-- setUp -->
        <test-method status="PASS" signature="testcreateContacts(java.lang.String, java.lang.String, java.lang.String, java.lang.String, java.lang.String, java.lang.String)[pri:2, instance:com.crm.testcases.ContactsTest@3e96bacf]" name="testcreateContacts" duration-ms="12310" started-at="2020-05-02T06:48:58 EDT" data-provider="getContactsDetails" finished-at="2020-05-02T06:49:10 EDT">
          <params>
            <param index="0">
              <value>
                <![CDATA[priyal@web.com]]>
              </value>
            </param>
            <param index="1">
              <value>
                <![CDATA[Priyal]]>
              </value>
            </param>
            <param index="2">
              <value>
                <![CDATA[Patel]]>
              </value>
            </param>
            <param index="3">
              <value>
                <![CDATA[Pharma]]>
              </value>
            </param>
            <param index="4">
              <value>
                <![CDATA[1452357894]]>
              </value>
            </param>
            <param index="5">
              <value>
                <![CDATA[Open]]>
              </value>
            </param>
          </params>
          <reporter-output>
          </reporter-output>
        </test-method> <!-- testcreateContacts -->
        <test-method status="PASS" signature="tearUp()[pri:0, instance:com.crm.testcases.ContactsTest@3e96bacf]" name="tearUp" is-config="true" duration-ms="1003" started-at="2020-05-02T06:49:10 EDT" finished-at="2020-05-02T06:49:11 EDT">
          <reporter-output>
          </reporter-output>
        </test-method> <!-- tearUp -->
        <test-method status="PASS" signature="setUp(java.lang.String)[pri:0, instance:com.crm.testcases.ContactsTest@3e96bacf]" name="setUp" is-config="true" duration-ms="25888" started-at="2020-05-02T06:49:11 EDT" finished-at="2020-05-02T06:49:37 EDT">
          <params>
            <param index="0">
              <value>
                <![CDATA[chrome]]>
              </value>
            </param>
          </params>
          <reporter-output>
          </reporter-output>
        </test-method> <!-- setUp -->
        <test-method status="PASS" signature="testcreateContacts(java.lang.String, java.lang.String, java.lang.String, java.lang.String, java.lang.String, java.lang.String)[pri:2, instance:com.crm.testcases.ContactsTest@3e96bacf]" name="testcreateContacts" duration-ms="13064" started-at="2020-05-02T06:49:37 EDT" data-provider="getContactsDetails" finished-at="2020-05-02T06:49:50 EDT">
          <params>
            <param index="0">
              <value>
                <![CDATA[Deepak@web.com]]>
              </value>
            </param>
            <param index="1">
              <value>
                <![CDATA[Deepak]]>
              </value>
            </param>
            <param index="2">
              <value>
                <![CDATA[Fatnani]]>
              </value>
            </param>
            <param index="3">
              <value>
                <![CDATA[Engineer]]>
              </value>
            </param>
            <param index="4">
              <value>
                <![CDATA[7852469851]]>
              </value>
            </param>
            <param index="5">
              <value>
                <![CDATA[In progress]]>
              </value>
            </param>
          </params>
          <reporter-output>
          </reporter-output>
        </test-method> <!-- testcreateContacts -->
        <test-method status="PASS" signature="tearUp()[pri:0, instance:com.crm.testcases.ContactsTest@3e96bacf]" name="tearUp" is-config="true" duration-ms="1087" started-at="2020-05-02T06:49:50 EDT" finished-at="2020-05-02T06:49:51 EDT">
          <reporter-output>
          </reporter-output>
        </test-method> <!-- tearUp -->
        <test-method status="PASS" signature="setUp(java.lang.String)[pri:0, instance:com.crm.testcases.ContactsTest@3e96bacf]" name="setUp" is-config="true" duration-ms="28836" started-at="2020-05-02T06:49:51 EDT" finished-at="2020-05-02T06:50:20 EDT">
          <params>
            <param index="0">
              <value>
                <![CDATA[chrome]]>
              </value>
            </param>
          </params>
          <reporter-output>
          </reporter-output>
        </test-method> <!-- setUp -->
        <test-method status="PASS" signature="testcreateContacts(java.lang.String, java.lang.String, java.lang.String, java.lang.String, java.lang.String, java.lang.String)[pri:2, instance:com.crm.testcases.ContactsTest@3e96bacf]" name="testcreateContacts" duration-ms="11663" started-at="2020-05-02T06:50:20 EDT" data-provider="getContactsDetails" finished-at="2020-05-02T06:50:32 EDT">
          <params>
            <param index="0">
              <value>
                <![CDATA[Jaydeep@web.com]]>
              </value>
            </param>
            <param index="1">
              <value>
                <![CDATA[Jaydeep]]>
              </value>
            </param>
            <param index="2">
              <value>
                <![CDATA[Jani]]>
              </value>
            </param>
            <param index="3">
              <value>
                <![CDATA[Engineer]]>
              </value>
            </param>
            <param index="4">
              <value>
                <![CDATA[8742469851]]>
              </value>
            </param>
            <param index="5">
              <value>
                <![CDATA[Connected]]>
              </value>
            </param>
          </params>
          <reporter-output>
          </reporter-output>
        </test-method> <!-- testcreateContacts -->
        <test-method status="PASS" signature="tearUp()[pri:0, instance:com.crm.testcases.ContactsTest@3e96bacf]" name="tearUp" is-config="true" duration-ms="1184" started-at="2020-05-02T06:50:32 EDT" finished-at="2020-05-02T06:50:33 EDT">
          <reporter-output>
          </reporter-output>
        </test-method> <!-- tearUp -->
        <test-method status="PASS" signature="setUp(java.lang.String)[pri:0, instance:com.crm.testcases.ContactsTest@3e96bacf]" name="setUp" is-config="true" duration-ms="24730" started-at="2020-05-02T06:50:33 EDT" finished-at="2020-05-02T06:50:58 EDT">
          <params>
            <param index="0">
              <value>
                <![CDATA[chrome]]>
              </value>
            </param>
          </params>
          <reporter-output>
          </reporter-output>
        </test-method> <!-- setUp -->
        <test-method status="PASS" signature="testcreateContacts(java.lang.String, java.lang.String, java.lang.String, java.lang.String, java.lang.String, java.lang.String)[pri:2, instance:com.crm.testcases.ContactsTest@3e96bacf]" name="testcreateContacts" duration-ms="12651" started-at="2020-05-02T06:50:58 EDT" data-provider="getContactsDetails" finished-at="2020-05-02T06:51:11 EDT">
          <params>
            <param index="0">
              <value>
                <![CDATA[Khushali@web.com]]>
              </value>
            </param>
            <param index="1">
              <value>
                <![CDATA[Khushali]]>
              </value>
            </param>
            <param index="2">
              <value>
                <![CDATA[Patel]]>
              </value>
            </param>
            <param index="3">
              <value>
                <![CDATA[MBA]]>
              </value>
            </param>
            <param index="4">
              <value>
                <![CDATA[9854712487]]>
              </value>
            </param>
            <param index="5">
              <value>
                <![CDATA[Connected]]>
              </value>
            </param>
          </params>
          <reporter-output>
          </reporter-output>
        </test-method> <!-- testcreateContacts -->
        <test-method status="PASS" signature="tearUp()[pri:0, instance:com.crm.testcases.ContactsTest@3e96bacf]" name="tearUp" is-config="true" duration-ms="1208" started-at="2020-05-02T06:51:11 EDT" finished-at="2020-05-02T06:51:12 EDT">
          <reporter-output>
          </reporter-output>
        </test-method> <!-- tearUp -->
        <test-method status="PASS" signature="setUp(java.lang.String)[pri:0, instance:com.crm.testcases.ContactsTest@3e96bacf]" name="setUp" is-config="true" duration-ms="24937" started-at="2020-05-02T06:51:12 EDT" finished-at="2020-05-02T06:51:37 EDT">
          <params>
            <param index="0">
              <value>
                <![CDATA[chrome]]>
              </value>
            </param>
          </params>
          <reporter-output>
          </reporter-output>
        </test-method> <!-- setUp -->
        <test-method status="PASS" signature="testIfContactsCreated()[pri:3, instance:com.crm.testcases.ContactsTest@3e96bacf]" name="testIfContactsCreated" duration-ms="19959" started-at="2020-05-02T06:51:37 EDT" depends-on-methods="com.crm.testcases.ContactsTest.testcreateContacts" finished-at="2020-05-02T06:51:57 EDT">
          <reporter-output>
          </reporter-output>
        </test-method> <!-- testIfContactsCreated -->
        <test-method status="PASS" signature="tearUp()[pri:0, instance:com.crm.testcases.ContactsTest@3e96bacf]" name="tearUp" is-config="true" duration-ms="1032" started-at="2020-05-02T06:51:57 EDT" finished-at="2020-05-02T06:51:58 EDT">
          <reporter-output>
          </reporter-output>
        </test-method> <!-- tearUp -->
      </class> <!-- com.crm.testcases.ContactsTest -->
    </test> <!-- Hub spot regression tests on chrome browser -->
  </suite> <!-- Regression Tests -->
</testng-results>
