<?xml version="1.0" encoding="UTF-8"?>
<testng-results skipped="0" failed="0" ignored="1" total="3" passed="2">
  <reporter-output>
  </reporter-output>
  <suite name="Smoke Tests" duration-ms="35185" started-at="2020-04-21T13:46:39 EDT" finished-at="2020-04-21T13:47:14 EDT">
    <groups>
      <group name="Smoke">
        <method signature="HomeTest.testHomePageUrl()[pri:2, instance:com.crm.testcases.HomeTest@752325ad]" name="testHomePageUrl" class="com.crm.testcases.HomeTest"/>
        <method signature="LoginTest.testLoginInCRM()[pri:1, instance:com.crm.testcases.LoginTest@2a5c8d3f]" name="testLoginInCRM" class="com.crm.testcases.LoginTest"/>
      </group> <!-- Smoke -->
    </groups>
    <test name="Hub spot Smoke tests" duration-ms="35185" started-at="2020-04-21T13:46:39 EDT" finished-at="2020-04-21T13:47:14 EDT">
      <class name="com.crm.testcases.LoginTest">
        <test-method status="PASS" signature="setUp()[pri:0, instance:com.crm.testcases.LoginTest@2a5c8d3f]" name="setUp" is-config="true" duration-ms="7417" started-at="2020-04-21T13:46:39 EDT" finished-at="2020-04-21T13:46:46 EDT">
          <reporter-output>
          </reporter-output>
        </test-method> <!-- setUp -->
        <test-method status="PASS" signature="testLoginInCRM()[pri:1, instance:com.crm.testcases.LoginTest@2a5c8d3f]" name="testLoginInCRM" duration-ms="6927" started-at="2020-04-21T13:46:46 EDT" finished-at="2020-04-21T13:46:53 EDT">
          <reporter-output>
          </reporter-output>
        </test-method> <!-- testLoginInCRM -->
        <test-method status="PASS" signature="tearDown()[pri:0, instance:com.crm.testcases.LoginTest@2a5c8d3f]" name="tearDown" is-config="true" duration-ms="891" started-at="2020-04-21T13:46:53 EDT" finished-at="2020-04-21T13:46:54 EDT">
          <reporter-output>
          </reporter-output>
        </test-method> <!-- tearDown -->
      </class> <!-- com.crm.testcases.LoginTest -->
      <class name="com.crm.testcases.HomeTest">
        <test-method status="PASS" signature="setUp()[pri:0, instance:com.crm.testcases.HomeTest@752325ad]" name="setUp" is-config="true" duration-ms="13391" started-at="2020-04-21T13:46:54 EDT" finished-at="2020-04-21T13:47:07 EDT">
          <reporter-output>
          </reporter-output>
        </test-method> <!-- setUp -->
        <test-method status="PASS" signature="testHomePageUrl()[pri:2, instance:com.crm.testcases.HomeTest@752325ad]" name="testHomePageUrl" duration-ms="5625" started-at="2020-04-21T13:47:07 EDT" finished-at="2020-04-21T13:47:13 EDT">
          <reporter-output>
          </reporter-output>
        </test-method> <!-- testHomePageUrl -->
        <test-method status="PASS" signature="tearDown()[pri:0, instance:com.crm.testcases.HomeTest@752325ad]" name="tearDown" is-config="true" duration-ms="885" started-at="2020-04-21T13:47:13 EDT" finished-at="2020-04-21T13:47:14 EDT">
          <reporter-output>
          </reporter-output>
        </test-method> <!-- tearDown -->
      </class> <!-- com.crm.testcases.HomeTest -->
    </test> <!-- Hub spot Smoke tests -->
  </suite> <!-- Smoke Tests -->
</testng-results>
